2021-03-10 00:43:36 [main] INFO  App:17 - This is a function which checks if number is Prime or Not for 1 to 100
2021-03-10 00:43:36 [main] FATAL App:21 - you cannot input negative number
2021-03-10 00:43:36 [main] WARN  App:23 - 0 is neither prime nor composite
2021-03-10 00:43:36 [main] DEBUG App:27 - 1 is Prime --------> false
2021-03-10 00:43:36 [main] DEBUG App:27 - 2 is Prime --------> true
2021-03-10 00:43:36 [main] DEBUG App:27 - 3 is Prime --------> true
2021-03-10 00:43:36 [main] DEBUG App:27 - 4 is Prime --------> false
2021-03-10 00:43:36 [main] DEBUG App:27 - 5 is Prime --------> true
2021-03-10 00:43:36 [main] DEBUG App:27 - 6 is Prime --------> false
2021-03-10 00:43:36 [main] DEBUG App:27 - 7 is Prime --------> true
2021-03-10 00:43:36 [main] DEBUG App:27 - 8 is Prime --------> false
2021-03-10 00:43:36 [main] DEBUG App:27 - 9 is Prime --------> false
2021-03-10 00:43:36 [main] DEBUG App:27 - 10 is Prime --------> false
2021-03-10 00:43:36 [main] DEBUG App:27 - 11 is Prime --------> true
2021-03-10 00:43:36 [main] DEBUG App:27 - 12 is Prime --------> false
2021-03-10 00:43:36 [main] DEBUG App:27 - 13 is Prime --------> true
2021-03-10 00:43:36 [main] DEBUG App:27 - 14 is Prime --------> false
2021-03-10 00:43:36 [main] DEBUG App:27 - 15 is Prime --------> false
2021-03-10 00:43:36 [main] DEBUG App:27 - 16 is Prime --------> false
2021-03-10 00:43:36 [main] DEBUG App:27 - 17 is Prime --------> true
2021-03-10 00:43:36 [main] DEBUG App:27 - 18 is Prime --------> false
2021-03-10 00:43:36 [main] DEBUG App:27 - 19 is Prime --------> true
2021-03-10 00:43:36 [main] DEBUG App:27 - 20 is Prime --------> false
2021-03-10 00:43:36 [main] DEBUG App:27 - 21 is Prime --------> false
2021-03-10 00:43:36 [main] DEBUG App:27 - 22 is Prime --------> false
2021-03-10 00:43:36 [main] DEBUG App:27 - 23 is Prime --------> true
2021-03-10 00:43:36 [main] DEBUG App:27 - 24 is Prime --------> false
2021-03-10 00:43:36 [main] DEBUG App:27 - 25 is Prime --------> false
2021-03-10 00:43:36 [main] DEBUG App:27 - 26 is Prime --------> false
2021-03-10 00:43:36 [main] DEBUG App:27 - 27 is Prime --------> false
2021-03-10 00:43:36 [main] DEBUG App:27 - 28 is Prime --------> false
2021-03-10 00:43:36 [main] DEBUG App:27 - 29 is Prime --------> true
2021-03-10 00:43:36 [main] DEBUG App:27 - 30 is Prime --------> false
2021-03-10 00:43:36 [main] DEBUG App:27 - 31 is Prime --------> true
2021-03-10 00:43:36 [main] DEBUG App:27 - 32 is Prime --------> false
2021-03-10 00:43:36 [main] DEBUG App:27 - 33 is Prime --------> false
2021-03-10 00:43:36 [main] DEBUG App:27 - 34 is Prime --------> false
2021-03-10 00:43:36 [main] DEBUG App:27 - 35 is Prime --------> false
2021-03-10 00:43:36 [main] DEBUG App:27 - 36 is Prime --------> false
2021-03-10 00:43:36 [main] DEBUG App:27 - 37 is Prime --------> true
2021-03-10 00:43:36 [main] DEBUG App:27 - 38 is Prime --------> false
2021-03-10 00:43:36 [main] DEBUG App:27 - 39 is Prime --------> false
2021-03-10 00:43:36 [main] DEBUG App:27 - 40 is Prime --------> false
2021-03-10 00:43:36 [main] DEBUG App:27 - 41 is Prime --------> true
2021-03-10 00:43:36 [main] DEBUG App:27 - 42 is Prime --------> false
2021-03-10 00:43:36 [main] DEBUG App:27 - 43 is Prime --------> true
2021-03-10 00:43:36 [main] DEBUG App:27 - 44 is Prime --------> false
2021-03-10 00:43:36 [main] DEBUG App:27 - 45 is Prime --------> false
2021-03-10 00:43:36 [main] DEBUG App:27 - 46 is Prime --------> false
2021-03-10 00:43:36 [main] DEBUG App:27 - 47 is Prime --------> true
2021-03-10 00:43:36 [main] DEBUG App:27 - 48 is Prime --------> false
2021-03-10 00:43:36 [main] DEBUG App:27 - 49 is Prime --------> false
2021-03-10 00:43:36 [main] DEBUG App:27 - 50 is Prime --------> false
2021-03-10 00:43:36 [main] DEBUG App:27 - 51 is Prime --------> false
2021-03-10 00:43:36 [main] DEBUG App:27 - 52 is Prime --------> false
2021-03-10 00:43:36 [main] DEBUG App:27 - 53 is Prime --------> true
2021-03-10 00:43:36 [main] DEBUG App:27 - 54 is Prime --------> false
2021-03-10 00:43:36 [main] DEBUG App:27 - 55 is Prime --------> false
2021-03-10 00:43:36 [main] DEBUG App:27 - 56 is Prime --------> false
2021-03-10 00:43:36 [main] DEBUG App:27 - 57 is Prime --------> false
2021-03-10 00:43:36 [main] DEBUG App:27 - 58 is Prime --------> false
2021-03-10 00:43:36 [main] DEBUG App:27 - 59 is Prime --------> true
2021-03-10 00:43:36 [main] DEBUG App:27 - 60 is Prime --------> false
2021-03-10 00:43:36 [main] DEBUG App:27 - 61 is Prime --------> true
2021-03-10 00:43:36 [main] DEBUG App:27 - 62 is Prime --------> false
2021-03-10 00:43:36 [main] DEBUG App:27 - 63 is Prime --------> false
2021-03-10 00:43:36 [main] DEBUG App:27 - 64 is Prime --------> false
2021-03-10 00:43:36 [main] DEBUG App:27 - 65 is Prime --------> false
2021-03-10 00:43:36 [main] DEBUG App:27 - 66 is Prime --------> false
2021-03-10 00:43:36 [main] DEBUG App:27 - 67 is Prime --------> true
2021-03-10 00:43:36 [main] DEBUG App:27 - 68 is Prime --------> false
2021-03-10 00:43:36 [main] DEBUG App:27 - 69 is Prime --------> false
2021-03-10 00:43:36 [main] DEBUG App:27 - 70 is Prime --------> false
2021-03-10 00:43:36 [main] DEBUG App:27 - 71 is Prime --------> true
2021-03-10 00:43:36 [main] DEBUG App:27 - 72 is Prime --------> false
2021-03-10 00:43:36 [main] DEBUG App:27 - 73 is Prime --------> true
2021-03-10 00:43:36 [main] DEBUG App:27 - 74 is Prime --------> false
2021-03-10 00:43:36 [main] DEBUG App:27 - 75 is Prime --------> false
2021-03-10 00:43:36 [main] DEBUG App:27 - 76 is Prime --------> false
2021-03-10 00:43:36 [main] DEBUG App:27 - 77 is Prime --------> false
2021-03-10 00:43:36 [main] DEBUG App:27 - 78 is Prime --------> false
2021-03-10 00:43:36 [main] DEBUG App:27 - 79 is Prime --------> true
2021-03-10 00:43:36 [main] DEBUG App:27 - 80 is Prime --------> false
2021-03-10 00:43:36 [main] DEBUG App:27 - 81 is Prime --------> false
2021-03-10 00:43:36 [main] DEBUG App:27 - 82 is Prime --------> false
2021-03-10 00:43:36 [main] DEBUG App:27 - 83 is Prime --------> true
2021-03-10 00:43:36 [main] DEBUG App:27 - 84 is Prime --------> false
2021-03-10 00:43:36 [main] DEBUG App:27 - 85 is Prime --------> false
2021-03-10 00:43:36 [main] DEBUG App:27 - 86 is Prime --------> false
2021-03-10 00:43:36 [main] DEBUG App:27 - 87 is Prime --------> false
2021-03-10 00:43:36 [main] DEBUG App:27 - 88 is Prime --------> false
2021-03-10 00:43:36 [main] DEBUG App:27 - 89 is Prime --------> true
2021-03-10 00:43:36 [main] DEBUG App:27 - 90 is Prime --------> false
2021-03-10 00:43:36 [main] DEBUG App:27 - 91 is Prime --------> false
2021-03-10 00:43:36 [main] DEBUG App:27 - 92 is Prime --------> false
2021-03-10 00:43:36 [main] DEBUG App:27 - 93 is Prime --------> false
2021-03-10 00:43:36 [main] DEBUG App:27 - 94 is Prime --------> false
2021-03-10 00:43:36 [main] DEBUG App:27 - 95 is Prime --------> false
2021-03-10 00:43:36 [main] DEBUG App:27 - 96 is Prime --------> false
2021-03-10 00:43:36 [main] DEBUG App:27 - 97 is Prime --------> true
2021-03-10 00:43:36 [main] DEBUG App:27 - 98 is Prime --------> false
2021-03-10 00:43:36 [main] DEBUG App:27 - 99 is Prime --------> false
2021-03-10 00:43:36 [main] DEBUG App:27 - 100 is Prime --------> false
2021-03-10 00:43:36 [main] ERROR App:25 - Number is greater than 100
2021-03-10 00:44:01 [main] INFO  App:17 - This is a function which checks if number is Prime or Not for 1 to 100
2021-03-10 00:44:01 [main] FATAL App:21 - you cannot input negative number
2021-03-10 00:44:01 [main] WARN  App:23 - 0 is neither prime nor composite
2021-03-10 00:44:01 [main] DEBUG App:27 - 1 is Prime --------> false
2021-03-10 00:44:01 [main] DEBUG App:27 - 2 is Prime --------> true
2021-03-10 00:44:01 [main] DEBUG App:27 - 3 is Prime --------> true
2021-03-10 00:44:01 [main] DEBUG App:27 - 4 is Prime --------> false
2021-03-10 00:44:01 [main] DEBUG App:27 - 5 is Prime --------> true
2021-03-10 00:44:01 [main] DEBUG App:27 - 6 is Prime --------> false
2021-03-10 00:44:01 [main] DEBUG App:27 - 7 is Prime --------> true
2021-03-10 00:44:01 [main] DEBUG App:27 - 8 is Prime --------> false
2021-03-10 00:44:01 [main] DEBUG App:27 - 9 is Prime --------> false
2021-03-10 00:44:01 [main] DEBUG App:27 - 10 is Prime --------> false
2021-03-10 00:44:01 [main] DEBUG App:27 - 11 is Prime --------> true
2021-03-10 00:44:01 [main] DEBUG App:27 - 12 is Prime --------> false
2021-03-10 00:44:01 [main] DEBUG App:27 - 13 is Prime --------> true
2021-03-10 00:44:01 [main] DEBUG App:27 - 14 is Prime --------> false
2021-03-10 00:44:01 [main] DEBUG App:27 - 15 is Prime --------> false
2021-03-10 00:44:01 [main] DEBUG App:27 - 16 is Prime --------> false
2021-03-10 00:44:01 [main] DEBUG App:27 - 17 is Prime --------> true
2021-03-10 00:44:01 [main] DEBUG App:27 - 18 is Prime --------> false
2021-03-10 00:44:01 [main] DEBUG App:27 - 19 is Prime --------> true
2021-03-10 00:44:01 [main] DEBUG App:27 - 20 is Prime --------> false
2021-03-10 00:44:01 [main] DEBUG App:27 - 21 is Prime --------> false
2021-03-10 00:44:01 [main] DEBUG App:27 - 22 is Prime --------> false
2021-03-10 00:44:01 [main] DEBUG App:27 - 23 is Prime --------> true
2021-03-10 00:44:01 [main] DEBUG App:27 - 24 is Prime --------> false
2021-03-10 00:44:01 [main] DEBUG App:27 - 25 is Prime --------> false
2021-03-10 00:44:01 [main] DEBUG App:27 - 26 is Prime --------> false
2021-03-10 00:44:01 [main] DEBUG App:27 - 27 is Prime --------> false
2021-03-10 00:44:01 [main] DEBUG App:27 - 28 is Prime --------> false
2021-03-10 00:44:01 [main] DEBUG App:27 - 29 is Prime --------> true
2021-03-10 00:44:01 [main] DEBUG App:27 - 30 is Prime --------> false
2021-03-10 00:44:01 [main] DEBUG App:27 - 31 is Prime --------> true
2021-03-10 00:44:01 [main] DEBUG App:27 - 32 is Prime --------> false
2021-03-10 00:44:01 [main] DEBUG App:27 - 33 is Prime --------> false
2021-03-10 00:44:01 [main] DEBUG App:27 - 34 is Prime --------> false
2021-03-10 00:44:01 [main] DEBUG App:27 - 35 is Prime --------> false
2021-03-10 00:44:01 [main] DEBUG App:27 - 36 is Prime --------> false
2021-03-10 00:44:01 [main] DEBUG App:27 - 37 is Prime --------> true
2021-03-10 00:44:01 [main] DEBUG App:27 - 38 is Prime --------> false
2021-03-10 00:44:01 [main] DEBUG App:27 - 39 is Prime --------> false
2021-03-10 00:44:01 [main] DEBUG App:27 - 40 is Prime --------> false
2021-03-10 00:44:01 [main] DEBUG App:27 - 41 is Prime --------> true
2021-03-10 00:44:01 [main] DEBUG App:27 - 42 is Prime --------> false
2021-03-10 00:44:01 [main] DEBUG App:27 - 43 is Prime --------> true
2021-03-10 00:44:01 [main] DEBUG App:27 - 44 is Prime --------> false
2021-03-10 00:44:01 [main] DEBUG App:27 - 45 is Prime --------> false
2021-03-10 00:44:01 [main] DEBUG App:27 - 46 is Prime --------> false
2021-03-10 00:44:01 [main] DEBUG App:27 - 47 is Prime --------> true
2021-03-10 00:44:01 [main] DEBUG App:27 - 48 is Prime --------> false
2021-03-10 00:44:01 [main] DEBUG App:27 - 49 is Prime --------> false
2021-03-10 00:44:01 [main] DEBUG App:27 - 50 is Prime --------> false
2021-03-10 00:44:01 [main] DEBUG App:27 - 51 is Prime --------> false
2021-03-10 00:44:01 [main] DEBUG App:27 - 52 is Prime --------> false
2021-03-10 00:44:01 [main] DEBUG App:27 - 53 is Prime --------> true
2021-03-10 00:44:01 [main] DEBUG App:27 - 54 is Prime --------> false
2021-03-10 00:44:01 [main] DEBUG App:27 - 55 is Prime --------> false
2021-03-10 00:44:01 [main] DEBUG App:27 - 56 is Prime --------> false
2021-03-10 00:44:01 [main] DEBUG App:27 - 57 is Prime --------> false
2021-03-10 00:44:01 [main] DEBUG App:27 - 58 is Prime --------> false
2021-03-10 00:44:01 [main] DEBUG App:27 - 59 is Prime --------> true
2021-03-10 00:44:01 [main] DEBUG App:27 - 60 is Prime --------> false
2021-03-10 00:44:01 [main] DEBUG App:27 - 61 is Prime --------> true
2021-03-10 00:44:01 [main] DEBUG App:27 - 62 is Prime --------> false
2021-03-10 00:44:01 [main] DEBUG App:27 - 63 is Prime --------> false
2021-03-10 00:44:01 [main] DEBUG App:27 - 64 is Prime --------> false
2021-03-10 00:44:01 [main] DEBUG App:27 - 65 is Prime --------> false
2021-03-10 00:44:01 [main] DEBUG App:27 - 66 is Prime --------> false
2021-03-10 00:44:01 [main] DEBUG App:27 - 67 is Prime --------> true
2021-03-10 00:44:01 [main] DEBUG App:27 - 68 is Prime --------> false
2021-03-10 00:44:01 [main] DEBUG App:27 - 69 is Prime --------> false
2021-03-10 00:44:01 [main] DEBUG App:27 - 70 is Prime --------> false
2021-03-10 00:44:01 [main] DEBUG App:27 - 71 is Prime --------> true
2021-03-10 00:44:01 [main] DEBUG App:27 - 72 is Prime --------> false
2021-03-10 00:44:01 [main] DEBUG App:27 - 73 is Prime --------> true
2021-03-10 00:44:01 [main] DEBUG App:27 - 74 is Prime --------> false
2021-03-10 00:44:01 [main] DEBUG App:27 - 75 is Prime --------> false
2021-03-10 00:44:01 [main] DEBUG App:27 - 76 is Prime --------> false
2021-03-10 00:44:01 [main] DEBUG App:27 - 77 is Prime --------> false
2021-03-10 00:44:01 [main] DEBUG App:27 - 78 is Prime --------> false
2021-03-10 00:44:01 [main] DEBUG App:27 - 79 is Prime --------> true
2021-03-10 00:44:01 [main] DEBUG App:27 - 80 is Prime --------> false
2021-03-10 00:44:01 [main] DEBUG App:27 - 81 is Prime --------> false
2021-03-10 00:44:01 [main] DEBUG App:27 - 82 is Prime --------> false
2021-03-10 00:44:01 [main] DEBUG App:27 - 83 is Prime --------> true
2021-03-10 00:44:01 [main] DEBUG App:27 - 84 is Prime --------> false
2021-03-10 00:44:01 [main] DEBUG App:27 - 85 is Prime --------> false
2021-03-10 00:44:01 [main] DEBUG App:27 - 86 is Prime --------> false
2021-03-10 00:44:01 [main] DEBUG App:27 - 87 is Prime --------> false
2021-03-10 00:44:01 [main] DEBUG App:27 - 88 is Prime --------> false
2021-03-10 00:44:01 [main] DEBUG App:27 - 89 is Prime --------> true
2021-03-10 00:44:01 [main] DEBUG App:27 - 90 is Prime --------> false
2021-03-10 00:44:01 [main] DEBUG App:27 - 91 is Prime --------> false
2021-03-10 00:44:01 [main] DEBUG App:27 - 92 is Prime --------> false
2021-03-10 00:44:01 [main] DEBUG App:27 - 93 is Prime --------> false
2021-03-10 00:44:01 [main] DEBUG App:27 - 94 is Prime --------> false
2021-03-10 00:44:01 [main] DEBUG App:27 - 95 is Prime --------> false
2021-03-10 00:44:01 [main] DEBUG App:27 - 96 is Prime --------> false
2021-03-10 00:44:01 [main] DEBUG App:27 - 97 is Prime --------> true
2021-03-10 00:44:01 [main] DEBUG App:27 - 98 is Prime --------> false
2021-03-10 00:44:01 [main] DEBUG App:27 - 99 is Prime --------> false
2021-03-10 00:44:01 [main] DEBUG App:27 - 100 is Prime --------> false
2021-03-10 00:44:01 [main] ERROR App:25 - Number is greater than 100
